This file contains any messages produced by compilers while
running configure, to aid debugging if configure makes a mistake.

It was created by cudd configure 3.0.0, which was
generated by GNU Autoconf 2.71.  Invocation command line was

  $ ./configure --enable-silent-rules --enable-obj --no-create --no-recursion

## --------- ##
## Platform. ##
## --------- ##

hostname = GeekPro
uname -m = x86_64
uname -r = 6.5.0-26-generic
uname -s = Linux
uname -v = #26~22.04.1-Ubuntu SMP PREEMPT_DYNAMIC Tue Mar 12 10:22:43 UTC 2

/usr/bin/uname -p = x86_64
/bin/uname -X     = unknown

/bin/arch              = x86_64
/usr/bin/arch -k       = unknown
/usr/convex/getsysinfo = unknown
/usr/bin/hostinfo      = unknown
/bin/machine           = unknown
/usr/bin/oslevel       = unknown
/bin/universe          = unknown

PATH: /home/mok/.vscode-server/cli/servers/Stable-5c3e652f63e798a5ac2f31ffd0d863669328dc4c/server/bin/remote-cli/
PATH: /usr/local/sbin/
PATH: /usr/local/bin/
PATH: /usr/sbin/
PATH: /usr/bin/
PATH: /sbin/
PATH: /bin/
PATH: /usr/games/
PATH: /usr/local/games/
PATH: /snap/bin/


## ----------- ##
## Core tests. ##
## ----------- ##

configure:3067: looking for aux files: ltmain.sh ar-lib compile tap-driver.sh missing install-sh config.guess config.sub
configure:3080:  trying ./build-aux/
configure:3109:   ./build-aux/ltmain.sh found
configure:3109:   ./build-aux/ar-lib found
configure:3109:   ./build-aux/compile found
configure:3109:   ./build-aux/tap-driver.sh found
configure:3109:   ./build-aux/missing found
configure:3091:   ./build-aux/install-sh found
configure:3109:   ./build-aux/config.guess found
configure:3109:   ./build-aux/config.sub found
configure:3229: checking build system type
configure:3244: result: x86_64-unknown-linux-gnu
configure:3264: checking host system type
configure:3278: result: x86_64-unknown-linux-gnu
configure:3315: checking for a BSD-compatible install
configure:3388: result: /usr/bin/install -c
configure:3399: checking whether build environment is sane
configure:3454: result: yes
configure:3617: checking for a race-free mkdir -p
configure:3661: result: /usr/bin/mkdir -p
configure:3668: checking for gawk
configure:3703: result: no
configure:3668: checking for mawk
configure:3689: found /usr/bin/mawk
configure:3700: result: mawk
configure:3711: checking whether make sets $(MAKE)
configure:3734: result: yes
configure:3764: checking whether make supports nested variables
configure:3782: result: yes
configure:4017: checking for gcc
configure:4038: found /usr/bin/gcc
configure:4049: result: gcc
configure:4402: checking for C compiler version
configure:4411: gcc --version >&5
gcc (Ubuntu 11.4.0-1ubuntu1~22.04) 11.4.0
Copyright (C) 2021 Free Software Foundation, Inc.
This is free software; see the source for copying conditions.  There is NO
warranty; not even for MERCHANTABILITY or FITNESS FOR A PARTICULAR PURPOSE.

configure:4422: $? = 0
configure:4411: gcc -v >&5
Using built-in specs.
COLLECT_GCC=gcc
COLLECT_LTO_WRAPPER=/usr/lib/gcc/x86_64-linux-gnu/11/lto-wrapper
OFFLOAD_TARGET_NAMES=nvptx-none:amdgcn-amdhsa
OFFLOAD_TARGET_DEFAULT=1
Target: x86_64-linux-gnu
Configured with: ../src/configure -v --with-pkgversion='Ubuntu 11.4.0-1ubuntu1~22.04' --with-bugurl=file:///usr/share/doc/gcc-11/README.Bugs --enable-languages=c,ada,c++,go,brig,d,fortran,objc,obj-c++,m2 --prefix=/usr --with-gcc-major-version-only --program-suffix=-11 --program-prefix=x86_64-linux-gnu- --enable-shared --enable-linker-build-id --libexecdir=/usr/lib --without-included-gettext --enable-threads=posix --libdir=/usr/lib --enable-nls --enable-bootstrap --enable-clocale=gnu --enable-libstdcxx-debug --enable-libstdcxx-time=yes --with-default-libstdcxx-abi=new --enable-gnu-unique-object --disable-vtable-verify --enable-plugin --enable-default-pie --with-system-zlib --enable-libphobos-checking=release --with-target-system-zlib=auto --enable-objc-gc=auto --enable-multiarch --disable-werror --enable-cet --with-arch-32=i686 --with-abi=m64 --with-multilib-list=m32,m64,mx32 --enable-multilib --with-tune=generic --enable-offload-targets=nvptx-none=/build/gcc-11-XeT9lY/gcc-11-11.4.0/debian/tmp-nvptx/usr,amdgcn-amdhsa=/build/gcc-11-XeT9lY/gcc-11-11.4.0/debian/tmp-gcn/usr --without-cuda-driver --enable-checking=release --build=x86_64-linux-gnu --host=x86_64-linux-gnu --target=x86_64-linux-gnu --with-build-config=bootstrap-lto-lean --enable-link-serialization=2
Thread model: posix
Supported LTO compression algorithms: zlib zstd
gcc version 11.4.0 (Ubuntu 11.4.0-1ubuntu1~22.04) 
... rest of stderr output deleted ...
configure:4422: $? = 0
configure:4411: gcc -V >&5
gcc: error: unrecognized command-line option '-V'
gcc: fatal error: no input files
compilation terminated.
configure:4422: $? = 1
configure:4411: gcc -qversion >&5
gcc: error: unrecognized command-line option '-qversion'; did you mean '--version'?
gcc: fatal error: no input files
compilation terminated.
configure:4422: $? = 1
configure:4411: gcc -version >&5
gcc: error: unrecognized command-line option '-version'
gcc: fatal error: no input files
compilation terminated.
configure:4422: $? = 1
configure:4442: checking whether the C compiler works
configure:4464: gcc -Wall -Wextra -g -O3   conftest.c  >&5
configure:4468: $? = 0
configure:4518: result: yes
configure:4521: checking for C compiler default output file name
configure:4523: result: a.out
configure:4529: checking for suffix of executables
configure:4536: gcc -o conftest -Wall -Wextra -g -O3   conftest.c  >&5
configure:4540: $? = 0
configure:4563: result: 
configure:4585: checking whether we are cross compiling
configure:4593: gcc -o conftest -Wall -Wextra -g -O3   conftest.c  >&5
configure:4597: $? = 0
configure:4604: ./conftest
configure:4608: $? = 0
configure:4623: result: no
configure:4628: checking for suffix of object files
configure:4651: gcc -c -Wall -Wextra -g -O3  conftest.c >&5
configure:4655: $? = 0
configure:4677: result: o
configure:4681: checking whether the compiler supports GNU C
configure:4701: gcc -c -Wall -Wextra -g -O3  conftest.c >&5
configure:4701: $? = 0
configure:4711: result: yes
configure:4722: checking whether gcc accepts -g
configure:4743: gcc -c -g  conftest.c >&5
configure:4743: $? = 0
configure:4787: result: yes
configure:4807: checking for gcc option to enable C11 features
configure:4822: gcc  -c -Wall -Wextra -g -O3  conftest.c >&5
conftest.c:186:1: warning: '_Noreturn' is not at beginning of declaration [-Wold-style-declaration]
  186 | int _Noreturn does_not_return (void) { for (;;) continue; }
      | ^~~
configure:4822: $? = 0
configure:4840: result: none needed
configure:4956: checking whether gcc understands -c and -o together
configure:4979: gcc -c conftest.c -o conftest2.o
configure:4982: $? = 0
configure:4979: gcc -c conftest.c -o conftest2.o
configure:4982: $? = 0
configure:4994: result: yes
configure:5022: checking for style of include used by make
configure:5050: result: GNU
configure:5077: checking dependency style of gcc
configure:5189: result: gcc3
configure:5273: checking for g++
configure:5294: found /usr/bin/g++
configure:5305: result: g++
configure:5332: checking for C++ compiler version
configure:5341: g++ --version >&5
g++ (Ubuntu 11.4.0-1ubuntu1~22.04) 11.4.0
Copyright (C) 2021 Free Software Foundation, Inc.
This is free software; see the source for copying conditions.  There is NO
warranty; not even for MERCHANTABILITY or FITNESS FOR A PARTICULAR PURPOSE.

configure:5352: $? = 0
configure:5341: g++ -v >&5
Using built-in specs.
COLLECT_GCC=g++
COLLECT_LTO_WRAPPER=/usr/lib/gcc/x86_64-linux-gnu/11/lto-wrapper
OFFLOAD_TARGET_NAMES=nvptx-none:amdgcn-amdhsa
OFFLOAD_TARGET_DEFAULT=1
Target: x86_64-linux-gnu
Configured with: ../src/configure -v --with-pkgversion='Ubuntu 11.4.0-1ubuntu1~22.04' --with-bugurl=file:///usr/share/doc/gcc-11/README.Bugs --enable-languages=c,ada,c++,go,brig,d,fortran,objc,obj-c++,m2 --prefix=/usr --with-gcc-major-version-only --program-suffix=-11 --program-prefix=x86_64-linux-gnu- --enable-shared --enable-linker-build-id --libexecdir=/usr/lib --without-included-gettext --enable-threads=posix --libdir=/usr/lib --enable-nls --enable-bootstrap --enable-clocale=gnu --enable-libstdcxx-debug --enable-libstdcxx-time=yes --with-default-libstdcxx-abi=new --enable-gnu-unique-object --disable-vtable-verify --enable-plugin --enable-default-pie --with-system-zlib --enable-libphobos-checking=release --with-target-system-zlib=auto --enable-objc-gc=auto --enable-multiarch --disable-werror --enable-cet --with-arch-32=i686 --with-abi=m64 --with-multilib-list=m32,m64,mx32 --enable-multilib --with-tune=generic --enable-offload-targets=nvptx-none=/build/gcc-11-XeT9lY/gcc-11-11.4.0/debian/tmp-nvptx/usr,amdgcn-amdhsa=/build/gcc-11-XeT9lY/gcc-11-11.4.0/debian/tmp-gcn/usr --without-cuda-driver --enable-checking=release --build=x86_64-linux-gnu --host=x86_64-linux-gnu --target=x86_64-linux-gnu --with-build-config=bootstrap-lto-lean --enable-link-serialization=2
Thread model: posix
Supported LTO compression algorithms: zlib zstd
gcc version 11.4.0 (Ubuntu 11.4.0-1ubuntu1~22.04) 
... rest of stderr output deleted ...
configure:5352: $? = 0
configure:5341: g++ -V >&5
g++: error: unrecognized command-line option '-V'
g++: fatal error: no input files
compilation terminated.
configure:5352: $? = 1
configure:5341: g++ -qversion >&5
g++: error: unrecognized command-line option '-qversion'; did you mean '--version'?
g++: fatal error: no input files
compilation terminated.
configure:5352: $? = 1
configure:5356: checking whether the compiler supports GNU C++
configure:5376: g++ -c -Wall -Wextra -std=c++0x -g -O3  conftest.cpp >&5
configure:5376: $? = 0
configure:5386: result: yes
configure:5397: checking whether g++ accepts -g
configure:5418: g++ -c -g  conftest.cpp >&5
configure:5418: $? = 0
configure:5462: result: yes
configure:5482: checking for g++ option to enable C++11 features
configure:5497: g++  -c -Wall -Wextra -std=c++0x -g -O3  conftest.cpp >&5
conftest.cpp: In function 'int main(int, char**)':
conftest.cpp:134:8: warning: unused variable 'a1' [-Wunused-variable]
  134 |   auto a1 = 6538;
      |        ^~
conftest.cpp:141:16: warning: unused variable 'a4' [-Wunused-variable]
  141 |   decltype(a2) a4 = 34895.034;
      |                ^~
conftest.cpp:145:9: warning: unused variable 'sa' [-Wunused-variable]
  145 |   short sa[cxx11test::get_val()] = { 0 };
      |         ^~
conftest.cpp:149:23: warning: unused variable 'il' [-Wunused-variable]
  149 |   cxx11test::testinit il = { 4323, 435234.23544 };
      |                       ^~
conftest.cpp:170:8: warning: unused variable 'a' [-Wunused-variable]
  170 |   auto a = sum(1);
      |        ^
conftest.cpp:171:8: warning: unused variable 'b' [-Wunused-variable]
  171 |   auto b = sum(1, 2);
      |        ^
conftest.cpp:172:8: warning: unused variable 'c' [-Wunused-variable]
  172 |   auto c = sum(1.0, 2.0, 3.0);
      |        ^
conftest.cpp:177:25: warning: empty parentheses were disambiguated as a function declaration [-Wvexing-parse]
  177 |   cxx11test::delegate d2();
      |                         ^~
conftest.cpp:177:25: note: remove parentheses to default-initialize a variable
  177 |   cxx11test::delegate d2();
      |                         ^~
      |                         --
conftest.cpp:177:25: note: or replace parentheses with braces to value-initialize a variable
conftest.cpp:186:9: warning: unused variable 'c' [-Wunused-variable]
  186 |   char *c = nullptr;
      |         ^
conftest.cpp:194:15: warning: unused variable 'utf8' [-Wunused-variable]
  194 |   char const *utf8 = u8"UTF-8 string \u2500";
      |               ^~~~
conftest.cpp:195:19: warning: unused variable 'utf16' [-Wunused-variable]
  195 |   char16_t const *utf16 = u"UTF-8 string \u2500";
      |                   ^~~~~
conftest.cpp:196:19: warning: unused variable 'utf32' [-Wunused-variable]
  196 |   char32_t const *utf32 = U"UTF-32 string \u2500";
      |                   ^~~~~
configure:5497: $? = 0
configure:5515: result: none needed
configure:5581: checking dependency style of g++
configure:5693: result: gcc3
configure:5764: checking for ar
configure:5785: found /usr/bin/ar
configure:5796: result: ar
configure:5822: checking the archiver (ar) interface
configure:5839: gcc -c -Wall -Wextra -g -O3  conftest.c >&5
configure:5839: $? = 0
configure:5842: ar cru libconftest.a conftest.o >&5
ar: `u' modifier ignored since `D' is the default (see `U')
configure:5845: $? = 0
configure:5873: result: ar
configure:5942: checking how to print strings
configure:5969: result: printf
configure:5990: checking for a sed that does not truncate output
configure:6060: result: /usr/bin/sed
configure:6078: checking for grep that handles long lines and -e
configure:6142: result: /usr/bin/grep
configure:6147: checking for egrep
configure:6215: result: /usr/bin/grep -E
configure:6220: checking for fgrep
configure:6288: result: /usr/bin/grep -F
configure:6324: checking for ld used by gcc
configure:6392: result: /usr/bin/ld
configure:6399: checking if the linker (/usr/bin/ld) is GNU ld
configure:6415: result: yes
configure:6427: checking for BSD- or MS-compatible name lister (nm)
configure:6477: result: /usr/bin/nm -B
configure:6617: checking the name lister (/usr/bin/nm -B) interface
configure:6625: gcc -c -Wall -Wextra -g -O3  conftest.c >&5
configure:6628: /usr/bin/nm -B "conftest.o"
configure:6631: output
0000000000000000 B some_variable
configure:6638: result: BSD nm
configure:6641: checking whether ln -s works
configure:6645: result: yes
configure:6653: checking the maximum length of command line arguments
configure:6785: result: 1572864
configure:6802: checking whether the shell understands some XSI constructs
configure:6812: result: yes
configure:6816: checking whether the shell understands "+="
configure:6822: result: yes
configure:6857: checking how to convert x86_64-unknown-linux-gnu file names to x86_64-unknown-linux-gnu format
configure:6898: result: func_convert_file_noop
configure:6905: checking how to convert x86_64-unknown-linux-gnu file names to toolchain format
configure:6926: result: func_convert_file_noop
configure:6933: checking for /usr/bin/ld option to reload object files
configure:6941: result: -r
configure:7020: checking for objdump
configure:7041: found /usr/bin/objdump
configure:7052: result: objdump
configure:7081: checking how to recognize dependent libraries
configure:7280: result: pass_all
configure:7370: checking for dlltool
configure:7405: result: no
configure:7432: checking how to associate runtime and link libraries
configure:7460: result: printf %s\n
configure:7594: checking for archiver @FILE support
configure:7612: gcc -c -Wall -Wextra -g -O3  conftest.c >&5
configure:7612: $? = 0
configure:7616: ar cru libconftest.a @conftest.lst >&5
ar: `u' modifier ignored since `D' is the default (see `U')
configure:7619: $? = 0
configure:7624: ar cru libconftest.a @conftest.lst >&5
ar: `u' modifier ignored since `D' is the default (see `U')
ar: conftest.o: No such file or directory
configure:7627: $? = 1
configure:7639: result: @
configure:7702: checking for strip
configure:7723: found /usr/bin/strip
configure:7734: result: strip
configure:7811: checking for ranlib
configure:7832: found /usr/bin/ranlib
configure:7843: result: ranlib
configure:7945: checking command to parse /usr/bin/nm -B output from gcc object
configure:8066: gcc -c -Wall -Wextra -g -O3  conftest.c >&5
configure:8069: $? = 0
configure:8073: /usr/bin/nm -B conftest.o \| sed -n -e 's/^.*[ ]\([ABCDGIRSTW][ABCDGIRSTW]*\)[ ][ ]*\([_A-Za-z][_A-Za-z0-9]*\)$/\1 \2 \2/p' | sed '/ __gnu_lto/d' \> conftest.nm
configure:8076: $? = 0
configure:8142: gcc -o conftest -Wall -Wextra -g -O3   conftest.c conftstm.o >&5
configure:8145: $? = 0
configure:8183: result: ok
configure:8220: checking for sysroot
configure:8251: result: no
configure:8329: gcc -c -Wall -Wextra -g -O3  conftest.c >&5
configure:8332: $? = 0
configure:8528: checking for mt
configure:8549: found /usr/bin/mt
configure:8560: result: mt
configure:8583: checking if mt is a manifest tool
configure:8590: mt '-?'
configure:8598: result: no
configure:9293: checking for stdio.h
configure:9293: gcc -c -Wall -Wextra -g -O3  conftest.c >&5
configure:9293: $? = 0
configure:9293: result: yes
configure:9293: checking for stdlib.h
configure:9293: gcc -c -Wall -Wextra -g -O3  conftest.c >&5
configure:9293: $? = 0
configure:9293: result: yes
configure:9293: checking for string.h
configure:9293: gcc -c -Wall -Wextra -g -O3  conftest.c >&5
configure:9293: $? = 0
configure:9293: result: yes
configure:9293: checking for inttypes.h
configure:9293: gcc -c -Wall -Wextra -g -O3  conftest.c >&5
configure:9293: $? = 0
configure:9293: result: yes
configure:9293: checking for stdint.h
configure:9293: gcc -c -Wall -Wextra -g -O3  conftest.c >&5
configure:9293: $? = 0
configure:9293: result: yes
configure:9293: checking for strings.h
configure:9293: gcc -c -Wall -Wextra -g -O3  conftest.c >&5
configure:9293: $? = 0
configure:9293: result: yes
configure:9293: checking for sys/stat.h
configure:9293: gcc -c -Wall -Wextra -g -O3  conftest.c >&5
configure:9293: $? = 0
configure:9293: result: yes
configure:9293: checking for sys/types.h
configure:9293: gcc -c -Wall -Wextra -g -O3  conftest.c >&5
configure:9293: $? = 0
configure:9293: result: yes
configure:9293: checking for unistd.h
configure:9293: gcc -c -Wall -Wextra -g -O3  conftest.c >&5
configure:9293: $? = 0
configure:9293: result: yes
configure:9318: checking for dlfcn.h
configure:9318: gcc -c -Wall -Wextra -g -O3  conftest.c >&5
configure:9318: $? = 0
configure:9318: result: yes
configure:9863: checking for objdir
configure:9879: result: .libs
configure:10150: checking if gcc supports -fno-rtti -fno-exceptions
configure:10169: gcc -c -Wall -Wextra -g -O3  -fno-rtti -fno-exceptions conftest.c >&5
cc1: warning: command-line option '-fno-rtti' is valid for C++/D/ObjC++ but not for C
configure:10173: $? = 0
configure:10186: result: no
configure:10513: checking for gcc option to produce PIC
configure:10521: result: -fPIC -DPIC
configure:10529: checking if gcc PIC flag -fPIC -DPIC works
configure:10548: gcc -c -Wall -Wextra -g -O3  -fPIC -DPIC -DPIC conftest.c >&5
configure:10552: $? = 0
configure:10565: result: yes
configure:10594: checking if gcc static flag -static works
configure:10623: result: yes
configure:10638: checking if gcc supports -c -o file.o
configure:10660: gcc -c -Wall -Wextra -g -O3  -o out/conftest2.o conftest.c >&5
configure:10664: $? = 0
configure:10686: result: yes
configure:10694: checking if gcc supports -c -o file.o
configure:10742: result: yes
configure:10775: checking whether the gcc linker (/usr/bin/ld -m elf_x86_64) supports shared libraries
configure:11939: result: yes
configure:12180: checking dynamic linker characteristics
configure:12681: gcc -o conftest -Wall -Wextra -g -O3   -Wl,-rpath -Wl,/foo conftest.c  >&5
configure:12681: $? = 0
configure:12917: result: GNU/Linux ld.so
configure:13024: checking how to hardcode library paths into programs
configure:13049: result: immediate
configure:13593: checking whether stripping libraries is possible
configure:13598: result: yes
configure:13633: checking if libtool supports shared libraries
configure:13635: result: yes
configure:13638: checking whether to build shared libraries
configure:13659: result: no
configure:13662: checking whether to build static libraries
configure:13666: result: yes
configure:13689: checking how to run the C++ preprocessor
configure:13711: g++ -E  conftest.cpp
configure:13711: $? = 0
configure:13726: g++ -E  conftest.cpp
conftest.cpp:23:10: fatal error: ac_nonexistent.h: No such file or directory
   23 | #include <ac_nonexistent.h>
      |          ^~~~~~~~~~~~~~~~~~
compilation terminated.
configure:13726: $? = 1
configure: failed program was:
| /* confdefs.h */
| #define PACKAGE_NAME "cudd"
| #define PACKAGE_TARNAME "cudd"
| #define PACKAGE_VERSION "3.0.0"
| #define PACKAGE_STRING "cudd 3.0.0"
| #define PACKAGE_BUGREPORT "Fabio@Colorado.EDU"
| #define PACKAGE_URL ""
| #define PACKAGE "cudd"
| #define VERSION "3.0.0"
| #define HAVE_STDIO_H 1
| #define HAVE_STDLIB_H 1
| #define HAVE_STRING_H 1
| #define HAVE_INTTYPES_H 1
| #define HAVE_STDINT_H 1
| #define HAVE_STRINGS_H 1
| #define HAVE_SYS_STAT_H 1
| #define HAVE_SYS_TYPES_H 1
| #define HAVE_UNISTD_H 1
| #define STDC_HEADERS 1
| #define HAVE_DLFCN_H 1
| #define LT_OBJDIR ".libs/"
| /* end confdefs.h.  */
| #include <ac_nonexistent.h>
configure:13753: result: g++ -E
configure:13767: g++ -E  conftest.cpp
configure:13767: $? = 0
configure:13782: g++ -E  conftest.cpp
conftest.cpp:23:10: fatal error: ac_nonexistent.h: No such file or directory
   23 | #include <ac_nonexistent.h>
      |          ^~~~~~~~~~~~~~~~~~
compilation terminated.
configure:13782: $? = 1
configure: failed program was:
| /* confdefs.h */
| #define PACKAGE_NAME "cudd"
| #define PACKAGE_TARNAME "cudd"
| #define PACKAGE_VERSION "3.0.0"
| #define PACKAGE_STRING "cudd 3.0.0"
| #define PACKAGE_BUGREPORT "Fabio@Colorado.EDU"
| #define PACKAGE_URL ""
| #define PACKAGE "cudd"
| #define VERSION "3.0.0"
| #define HAVE_STDIO_H 1
| #define HAVE_STDLIB_H 1
| #define HAVE_STRING_H 1
| #define HAVE_INTTYPES_H 1
| #define HAVE_STDINT_H 1
| #define HAVE_STRINGS_H 1
| #define HAVE_SYS_STAT_H 1
| #define HAVE_SYS_TYPES_H 1
| #define HAVE_UNISTD_H 1
| #define STDC_HEADERS 1
| #define HAVE_DLFCN_H 1
| #define LT_OBJDIR ".libs/"
| /* end confdefs.h.  */
| #include <ac_nonexistent.h>
configure:13954: checking for ld used by g++
configure:14022: result: /usr/bin/ld -m elf_x86_64
configure:14029: checking if the linker (/usr/bin/ld -m elf_x86_64) is GNU ld
configure:14045: result: yes
configure:14100: checking whether the g++ linker (/usr/bin/ld -m elf_x86_64) supports shared libraries
configure:15106: result: yes
configure:15142: g++ -c -Wall -Wextra -std=c++0x -g -O3  conftest.cpp >&5
configure:15145: $? = 0
configure:15665: checking for g++ option to produce PIC
configure:15673: result: -fPIC -DPIC
configure:15681: checking if g++ PIC flag -fPIC -DPIC works
configure:15700: g++ -c -Wall -Wextra -std=c++0x -g -O3  -fPIC -DPIC -DPIC conftest.cpp >&5
configure:15704: $? = 0
configure:15717: result: yes
configure:15740: checking if g++ static flag -static works
configure:15769: result: yes
configure:15781: checking if g++ supports -c -o file.o
configure:15803: g++ -c -Wall -Wextra -std=c++0x -g -O3  -o out/conftest2.o conftest.cpp >&5
configure:15807: $? = 0
configure:15829: result: yes
configure:15834: checking if g++ supports -c -o file.o
configure:15882: result: yes
configure:15912: checking whether the g++ linker (/usr/bin/ld -m elf_x86_64) supports shared libraries
configure:15951: result: yes
configure:16093: checking dynamic linker characteristics
configure:16764: result: GNU/Linux ld.so
configure:16817: checking how to hardcode library paths into programs
configure:16842: result: immediate
configure:16909: checking whether byte ordering is bigendian
configure:16925: gcc -c -Wall -Wextra -g -O3  conftest.c >&5
conftest.c:24:16: error: unknown type name 'not'
   24 |                not a universal capable compiler
      |                ^~~
conftest.c:24:22: error: expected '=', ',', ';', 'asm' or '__attribute__' before 'universal'
   24 |                not a universal capable compiler
      |                      ^~~~~~~~~
conftest.c:24:22: error: unknown type name 'universal'
configure:16925: $? = 1
configure: failed program was:
| /* confdefs.h */
| #define PACKAGE_NAME "cudd"
| #define PACKAGE_TARNAME "cudd"
| #define PACKAGE_VERSION "3.0.0"
| #define PACKAGE_STRING "cudd 3.0.0"
| #define PACKAGE_BUGREPORT "Fabio@Colorado.EDU"
| #define PACKAGE_URL ""
| #define PACKAGE "cudd"
| #define VERSION "3.0.0"
| #define HAVE_STDIO_H 1
| #define HAVE_STDLIB_H 1
| #define HAVE_STRING_H 1
| #define HAVE_INTTYPES_H 1
| #define HAVE_STDINT_H 1
| #define HAVE_STRINGS_H 1
| #define HAVE_SYS_STAT_H 1
| #define HAVE_SYS_TYPES_H 1
| #define HAVE_UNISTD_H 1
| #define STDC_HEADERS 1
| #define HAVE_DLFCN_H 1
| #define LT_OBJDIR ".libs/"
| /* end confdefs.h.  */
| #ifndef __APPLE_CC__
| 	       not a universal capable compiler
| 	     #endif
| 	     typedef int dummy;
| 
configure:16971: gcc -c -Wall -Wextra -g -O3  conftest.c >&5
configure:16971: $? = 0
configure:16990: gcc -c -Wall -Wextra -g -O3  conftest.c >&5
conftest.c: In function 'main':
conftest.c:30:18: error: unknown type name 'not'; did you mean 'ino_t'?
   30 |                  not big endian
      |                  ^~~
      |                  ino_t
conftest.c:30:26: error: expected '=', ',', ';', 'asm' or '__attribute__' before 'endian'
   30 |                  not big endian
      |                          ^~~~~~
configure:16990: $? = 1
configure: failed program was:
| /* confdefs.h */
| #define PACKAGE_NAME "cudd"
| #define PACKAGE_TARNAME "cudd"
| #define PACKAGE_VERSION "3.0.0"
| #define PACKAGE_STRING "cudd 3.0.0"
| #define PACKAGE_BUGREPORT "Fabio@Colorado.EDU"
| #define PACKAGE_URL ""
| #define PACKAGE "cudd"
| #define VERSION "3.0.0"
| #define HAVE_STDIO_H 1
| #define HAVE_STDLIB_H 1
| #define HAVE_STRING_H 1
| #define HAVE_INTTYPES_H 1
| #define HAVE_STDINT_H 1
| #define HAVE_STRINGS_H 1
| #define HAVE_SYS_STAT_H 1
| #define HAVE_SYS_TYPES_H 1
| #define HAVE_UNISTD_H 1
| #define STDC_HEADERS 1
| #define HAVE_DLFCN_H 1
| #define LT_OBJDIR ".libs/"
| /* end confdefs.h.  */
| #include <sys/types.h>
| 		#include <sys/param.h>
| 
| int
| main (void)
| {
| #if BYTE_ORDER != BIG_ENDIAN
| 		 not big endian
| 		#endif
| 
|   ;
|   return 0;
| }
configure:17124: result: no
configure:17156: checking for doxygen
configure:17191: result: no
configure:17200: WARNING: Doxygen not found - continuing without Doxygen support
configure:17220: checking for pdflatex
configure:17255: result: no
configure:17264: WARNING: pdflatex not found - unable to compile manual to PDF
configure:17271: checking for makeindex
configure:17306: result: no
configure:17315: WARNING: makeindex not found - unable to compile manual to PDF
configure:17333: checking for library containing pow
configure:17363: gcc -o conftest -Wall -Wextra -g -O3   conftest.c  >&5
conftest.c:27:6: warning: conflicting types for built-in function 'pow'; expected 'double(double,  double)' [-Wbuiltin-declaration-mismatch]
   27 | char pow ();
      |      ^~~
conftest.c:1:1: note: 'pow' is declared in header '<math.h>'
    1 | /* confdefs.h */
/usr/bin/ld: /tmp/ccaYsDf7.o: in function `main':
/home/mok/work_space/BDDSampler/lib/cudd-3.0.0/conftest.c:31: undefined reference to `pow'
collect2: error: ld returned 1 exit status
configure:17363: $? = 1
configure: failed program was:
| /* confdefs.h */
| #define PACKAGE_NAME "cudd"
| #define PACKAGE_TARNAME "cudd"
| #define PACKAGE_VERSION "3.0.0"
| #define PACKAGE_STRING "cudd 3.0.0"
| #define PACKAGE_BUGREPORT "Fabio@Colorado.EDU"
| #define PACKAGE_URL ""
| #define PACKAGE "cudd"
| #define VERSION "3.0.0"
| #define HAVE_STDIO_H 1
| #define HAVE_STDLIB_H 1
| #define HAVE_STRING_H 1
| #define HAVE_INTTYPES_H 1
| #define HAVE_STDINT_H 1
| #define HAVE_STRINGS_H 1
| #define HAVE_SYS_STAT_H 1
| #define HAVE_SYS_TYPES_H 1
| #define HAVE_UNISTD_H 1
| #define STDC_HEADERS 1
| #define HAVE_DLFCN_H 1
| #define LT_OBJDIR ".libs/"
| /* end confdefs.h.  */
| 
| /* Override any GCC internal prototype to avoid an error.
|    Use char because int might match the return type of a GCC
|    builtin and then its argument prototype would still apply.  */
| char pow ();
| int
| main (void)
| {
| return pow ();
|   ;
|   return 0;
| }
configure:17363: gcc -o conftest -Wall -Wextra -g -O3   conftest.c -lm   >&5
conftest.c:27:6: warning: conflicting types for built-in function 'pow'; expected 'double(double,  double)' [-Wbuiltin-declaration-mismatch]
   27 | char pow ();
      |      ^~~
conftest.c:1:1: note: 'pow' is declared in header '<math.h>'
    1 | /* confdefs.h */
configure:17363: $? = 0
configure:17383: result: -lm
configure:17392: checking for pthread_create in -lpthread
configure:17415: gcc -o conftest -Wall -Wextra -g -O3   conftest.c -lpthread  -lm  >&5
configure:17415: $? = 0
configure:17425: result: yes
configure:17443: checking for library containing WSAStartup
configure:17473: gcc -o conftest -Wall -Wextra -g -O3   conftest.c -lm  >&5
/usr/bin/ld: /tmp/ccu1n6y4.o: in function `main':
/home/mok/work_space/BDDSampler/lib/cudd-3.0.0/conftest.c:31: undefined reference to `WSAStartup'
collect2: error: ld returned 1 exit status
configure:17473: $? = 1
configure: failed program was:
| /* confdefs.h */
| #define PACKAGE_NAME "cudd"
| #define PACKAGE_TARNAME "cudd"
| #define PACKAGE_VERSION "3.0.0"
| #define PACKAGE_STRING "cudd 3.0.0"
| #define PACKAGE_BUGREPORT "Fabio@Colorado.EDU"
| #define PACKAGE_URL ""
| #define PACKAGE "cudd"
| #define VERSION "3.0.0"
| #define HAVE_STDIO_H 1
| #define HAVE_STDLIB_H 1
| #define HAVE_STRING_H 1
| #define HAVE_INTTYPES_H 1
| #define HAVE_STDINT_H 1
| #define HAVE_STRINGS_H 1
| #define HAVE_SYS_STAT_H 1
| #define HAVE_SYS_TYPES_H 1
| #define HAVE_UNISTD_H 1
| #define STDC_HEADERS 1
| #define HAVE_DLFCN_H 1
| #define LT_OBJDIR ".libs/"
| /* end confdefs.h.  */
| 
| /* Override any GCC internal prototype to avoid an error.
|    Use char because int might match the return type of a GCC
|    builtin and then its argument prototype would still apply.  */
| char WSAStartup ();
| int
| main (void)
| {
| return WSAStartup ();
|   ;
|   return 0;
| }
configure:17473: gcc -o conftest -Wall -Wextra -g -O3   conftest.c -lws2_32  -lm  >&5
/usr/bin/ld: cannot find -lws2_32: No such file or directory
collect2: error: ld returned 1 exit status
configure:17473: $? = 1
configure: failed program was:
| /* confdefs.h */
| #define PACKAGE_NAME "cudd"
| #define PACKAGE_TARNAME "cudd"
| #define PACKAGE_VERSION "3.0.0"
| #define PACKAGE_STRING "cudd 3.0.0"
| #define PACKAGE_BUGREPORT "Fabio@Colorado.EDU"
| #define PACKAGE_URL ""
| #define PACKAGE "cudd"
| #define VERSION "3.0.0"
| #define HAVE_STDIO_H 1
| #define HAVE_STDLIB_H 1
| #define HAVE_STRING_H 1
| #define HAVE_INTTYPES_H 1
| #define HAVE_STDINT_H 1
| #define HAVE_STRINGS_H 1
| #define HAVE_SYS_STAT_H 1
| #define HAVE_SYS_TYPES_H 1
| #define HAVE_UNISTD_H 1
| #define STDC_HEADERS 1
| #define HAVE_DLFCN_H 1
| #define LT_OBJDIR ".libs/"
| /* end confdefs.h.  */
| 
| /* Override any GCC internal prototype to avoid an error.
|    Use char because int might match the return type of a GCC
|    builtin and then its argument prototype would still apply.  */
| char WSAStartup ();
| int
| main (void)
| {
| return WSAStartup ();
|   ;
|   return 0;
| }
configure:17493: result: no
configure:17502: checking for library containing GetProcessMemoryInfo
configure:17532: gcc -o conftest -Wall -Wextra -g -O3   conftest.c -lm  >&5
/usr/bin/ld: /tmp/cc3jik8X.o: in function `main':
/home/mok/work_space/BDDSampler/lib/cudd-3.0.0/conftest.c:31: undefined reference to `GetProcessMemoryInfo'
collect2: error: ld returned 1 exit status
configure:17532: $? = 1
configure: failed program was:
| /* confdefs.h */
| #define PACKAGE_NAME "cudd"
| #define PACKAGE_TARNAME "cudd"
| #define PACKAGE_VERSION "3.0.0"
| #define PACKAGE_STRING "cudd 3.0.0"
| #define PACKAGE_BUGREPORT "Fabio@Colorado.EDU"
| #define PACKAGE_URL ""
| #define PACKAGE "cudd"
| #define VERSION "3.0.0"
| #define HAVE_STDIO_H 1
| #define HAVE_STDLIB_H 1
| #define HAVE_STRING_H 1
| #define HAVE_INTTYPES_H 1
| #define HAVE_STDINT_H 1
| #define HAVE_STRINGS_H 1
| #define HAVE_SYS_STAT_H 1
| #define HAVE_SYS_TYPES_H 1
| #define HAVE_UNISTD_H 1
| #define STDC_HEADERS 1
| #define HAVE_DLFCN_H 1
| #define LT_OBJDIR ".libs/"
| /* end confdefs.h.  */
| 
| /* Override any GCC internal prototype to avoid an error.
|    Use char because int might match the return type of a GCC
|    builtin and then its argument prototype would still apply.  */
| char GetProcessMemoryInfo ();
| int
| main (void)
| {
| return GetProcessMemoryInfo ();
|   ;
|   return 0;
| }
configure:17532: gcc -o conftest -Wall -Wextra -g -O3   conftest.c -lpsapi  -lm  >&5
/usr/bin/ld: cannot find -lpsapi: No such file or directory
collect2: error: ld returned 1 exit status
configure:17532: $? = 1
configure: failed program was:
| /* confdefs.h */
| #define PACKAGE_NAME "cudd"
| #define PACKAGE_TARNAME "cudd"
| #define PACKAGE_VERSION "3.0.0"
| #define PACKAGE_STRING "cudd 3.0.0"
| #define PACKAGE_BUGREPORT "Fabio@Colorado.EDU"
| #define PACKAGE_URL ""
| #define PACKAGE "cudd"
| #define VERSION "3.0.0"
| #define HAVE_STDIO_H 1
| #define HAVE_STDLIB_H 1
| #define HAVE_STRING_H 1
| #define HAVE_INTTYPES_H 1
| #define HAVE_STDINT_H 1
| #define HAVE_STRINGS_H 1
| #define HAVE_SYS_STAT_H 1
| #define HAVE_SYS_TYPES_H 1
| #define HAVE_UNISTD_H 1
| #define STDC_HEADERS 1
| #define HAVE_DLFCN_H 1
| #define LT_OBJDIR ".libs/"
| /* end confdefs.h.  */
| 
| /* Override any GCC internal prototype to avoid an error.
|    Use char because int might match the return type of a GCC
|    builtin and then its argument prototype would still apply.  */
| char GetProcessMemoryInfo ();
| int
| main (void)
| {
| return GetProcessMemoryInfo ();
|   ;
|   return 0;
| }
configure:17552: result: no
configure:17567: checking for float.h
configure:17567: gcc -c -Wall -Wextra -g -O3  conftest.c >&5
configure:17567: $? = 0
configure:17567: result: yes
configure:17567: checking for inttypes.h
configure:17567: result: yes
configure:17567: checking for limits.h
configure:17567: gcc -c -Wall -Wextra -g -O3  conftest.c >&5
configure:17567: $? = 0
configure:17567: result: yes
configure:17567: checking for stddef.h
configure:17567: gcc -c -Wall -Wextra -g -O3  conftest.c >&5
configure:17567: $? = 0
configure:17567: result: yes
configure:17567: checking for stdlib.h
configure:17567: result: yes
configure:17567: checking for string.h
configure:17567: result: yes
configure:17567: checking for assert.h
configure:17567: gcc -c -Wall -Wextra -g -O3  conftest.c >&5
configure:17567: $? = 0
configure:17567: result: yes
configure:17567: checking for math.h
configure:17567: gcc -c -Wall -Wextra -g -O3  conftest.c >&5
configure:17567: $? = 0
configure:17567: result: yes
configure:17583: checking for unistd.h
configure:17583: result: yes
configure:17589: checking for sys/time.h
configure:17589: gcc -c -Wall -Wextra -g -O3  conftest.c >&5
configure:17589: $? = 0
configure:17589: result: yes
configure:17595: checking for sys/times.h
configure:17595: gcc -c -Wall -Wextra -g -O3  conftest.c >&5
configure:17595: $? = 0
configure:17595: result: yes
configure:17601: checking for sys/resource.h
configure:17601: gcc -c -Wall -Wextra -g -O3  conftest.c >&5
configure:17601: $? = 0
configure:17601: result: yes
configure:17607: checking for sys/wait.h
configure:17607: gcc -c -Wall -Wextra -g -O3  conftest.c >&5
configure:17607: $? = 0
configure:17607: result: yes
configure:17615: checking for working C++ thread header
configure:17634: g++ -c -Wall -Wextra -std=c++0x -g -O3  conftest.cpp >&5
configure:17634: $? = 0
configure:17648: result: yes
configure:17659: checking for _Bool
configure:17659: gcc -c -Wall -Wextra -g -O3  conftest.c >&5
configure:17659: $? = 0
configure:17659: gcc -c -Wall -Wextra -g -O3  conftest.c >&5
conftest.c: In function 'main':
conftest.c:68:20: error: expected expression before ')' token
   68 | if (sizeof ((_Bool)))
      |                    ^
configure:17659: $? = 1
configure: failed program was:
| /* confdefs.h */
| #define PACKAGE_NAME "cudd"
| #define PACKAGE_TARNAME "cudd"
| #define PACKAGE_VERSION "3.0.0"
| #define PACKAGE_STRING "cudd 3.0.0"
| #define PACKAGE_BUGREPORT "Fabio@Colorado.EDU"
| #define PACKAGE_URL ""
| #define PACKAGE "cudd"
| #define VERSION "3.0.0"
| #define HAVE_STDIO_H 1
| #define HAVE_STDLIB_H 1
| #define HAVE_STRING_H 1
| #define HAVE_INTTYPES_H 1
| #define HAVE_STDINT_H 1
| #define HAVE_STRINGS_H 1
| #define HAVE_SYS_STAT_H 1
| #define HAVE_SYS_TYPES_H 1
| #define HAVE_UNISTD_H 1
| #define STDC_HEADERS 1
| #define HAVE_DLFCN_H 1
| #define LT_OBJDIR ".libs/"
| #define HAVE_FLOAT_H 1
| #define HAVE_INTTYPES_H 1
| #define HAVE_LIMITS_H 1
| #define HAVE_STDDEF_H 1
| #define HAVE_STDLIB_H 1
| #define HAVE_STRING_H 1
| #define HAVE_ASSERT_H 1
| #define HAVE_MATH_H 1
| #define HAVE_UNISTD_H 1
| #define HAVE_SYS_TIME_H 1
| #define HAVE_SYS_TIMES_H 1
| #define HAVE_SYS_RESOURCE_H 1
| #define HAVE_SYS_WAIT_H 1
| #define HAVE_WORKING_THREAD 1
| /* end confdefs.h.  */
| #include <stddef.h>
| #ifdef HAVE_STDIO_H
| # include <stdio.h>
| #endif
| #ifdef HAVE_STDLIB_H
| # include <stdlib.h>
| #endif
| #ifdef HAVE_STRING_H
| # include <string.h>
| #endif
| #ifdef HAVE_INTTYPES_H
| # include <inttypes.h>
| #endif
| #ifdef HAVE_STDINT_H
| # include <stdint.h>
| #endif
| #ifdef HAVE_STRINGS_H
| # include <strings.h>
| #endif
| #ifdef HAVE_SYS_TYPES_H
| # include <sys/types.h>
| #endif
| #ifdef HAVE_SYS_STAT_H
| # include <sys/stat.h>
| #endif
| #ifdef HAVE_UNISTD_H
| # include <unistd.h>
| #endif
| int
| main (void)
| {
| if (sizeof ((_Bool)))
| 	    return 0;
|   ;
|   return 0;
| }
configure:17659: result: yes
configure:17668: checking for stdbool.h that conforms to C99
configure:17784: gcc -c -Wall -Wextra -g -O3  conftest.c >&5
conftest.c: In function 'main':
conftest.c:123:14: warning: the address of 's' will always evaluate as 'true' [-Waddress]
  123 |              bool ps = &s;
      |              ^~~~
conftest.c:128:16: warning: the address of 't' will always evaluate as 'true' [-Waddress]
  128 |                _Bool pt = &t;
      |                ^~~~~
conftest.c:135:22: warning: the address of 'a' will always evaluate as 'true' [-Waddress]
  135 |              return (!a + !b + !c + !d + !e + !f + !g + !h + !i + !j + !k
      |                      ^
conftest.c:135:27: warning: the address of 'b' will always evaluate as 'true' [-Waddress]
  135 |              return (!a + !b + !c + !d + !e + !f + !g + !h + !i + !j + !k
      |                           ^
conftest.c:135:32: warning: the address of 'c' will always evaluate as 'true' [-Waddress]
  135 |              return (!a + !b + !c + !d + !e + !f + !g + !h + !i + !j + !k
      |                                ^
conftest.c:135:37: warning: the address of 'd' will always evaluate as 'true' [-Waddress]
  135 |              return (!a + !b + !c + !d + !e + !f + !g + !h + !i + !j + !k
      |                                     ^
conftest.c:135:62: warning: the address of 'i' will always evaluate as 'true' [-Waddress]
  135 |              return (!a + !b + !c + !d + !e + !f + !g + !h + !i + !j + !k
      |                                                              ^
conftest.c:135:67: warning: the address of 'j' will always evaluate as 'true' [-Waddress]
  135 |              return (!a + !b + !c + !d + !e + !f + !g + !h + !i + !j + !k
      |                                                                   ^
conftest.c:135:72: warning: the address of 'k' will always evaluate as 'true' [-Waddress]
  135 |              return (!a + !b + !c + !d + !e + !f + !g + !h + !i + !j + !k
      |                                                                        ^
conftest.c:136:24: warning: the address of 'l' will always evaluate as 'true' [-Waddress]
  136 |                      + !l + !m + !n + !o + !p + !pp + !ps
      |                        ^
conftest.c:136:29: warning: the address of 'm' will always evaluate as 'true' [-Waddress]
  136 |                      + !l + !m + !n + !o + !p + !pp + !ps
      |                             ^
conftest.c:136:34: warning: the address of 'n' will always evaluate as 'true' [-Waddress]
  136 |                      + !l + !m + !n + !o + !p + !pp + !ps
      |                                  ^
conftest.c:136:39: warning: the address of 'o' will always evaluate as 'true' [-Waddress]
  136 |                      + !l + !m + !n + !o + !p + !pp + !ps
      |                                       ^
conftest.c:138:24: warning: the address of 'q' will always evaluate as 'true' [-Waddress]
  138 |                      + !q + !r + !u + !v + !w + !x + !y + !z + !pt
      |                        ^
conftest.c:138:29: warning: the address of 'r' will always evaluate as 'true' [-Waddress]
  138 |                      + !q + !r + !u + !v + !w + !x + !y + !z + !pt
      |                             ^
conftest.c:138:34: warning: the address of 'u' will always evaluate as 'true' [-Waddress]
  138 |                      + !q + !r + !u + !v + !w + !x + !y + !z + !pt
      |                                  ^
conftest.c:138:39: warning: the address of 'v' will always evaluate as 'true' [-Waddress]
  138 |                      + !q + !r + !u + !v + !w + !x + !y + !z + !pt
      |                                       ^
conftest.c:138:44: warning: the address of 'w' will always evaluate as 'true' [-Waddress]
  138 |                      + !q + !r + !u + !v + !w + !x + !y + !z + !pt
      |                                            ^
conftest.c:138:49: warning: the address of 'x' will always evaluate as 'true' [-Waddress]
  138 |                      + !q + !r + !u + !v + !w + !x + !y + !z + !pt
      |                                                 ^
conftest.c:138:54: warning: the address of 'y' will always evaluate as 'true' [-Waddress]
  138 |                      + !q + !r + !u + !v + !w + !x + !y + !z + !pt
      |                                                      ^
configure:17784: $? = 0
configure:17792: result: yes
configure:17795: checking for inline
configure:17812: gcc -c -Wall -Wextra -g -O3  conftest.c >&5
configure:17812: $? = 0
configure:17821: result: inline
configure:17839: checking for size_t
configure:17839: gcc -c -Wall -Wextra -g -O3  conftest.c >&5
configure:17839: $? = 0
configure:17839: gcc -c -Wall -Wextra -g -O3  conftest.c >&5
conftest.c: In function 'main':
conftest.c:69:21: error: expected expression before ')' token
   69 | if (sizeof ((size_t)))
      |                     ^
configure:17839: $? = 1
configure: failed program was:
| /* confdefs.h */
| #define PACKAGE_NAME "cudd"
| #define PACKAGE_TARNAME "cudd"
| #define PACKAGE_VERSION "3.0.0"
| #define PACKAGE_STRING "cudd 3.0.0"
| #define PACKAGE_BUGREPORT "Fabio@Colorado.EDU"
| #define PACKAGE_URL ""
| #define PACKAGE "cudd"
| #define VERSION "3.0.0"
| #define HAVE_STDIO_H 1
| #define HAVE_STDLIB_H 1
| #define HAVE_STRING_H 1
| #define HAVE_INTTYPES_H 1
| #define HAVE_STDINT_H 1
| #define HAVE_STRINGS_H 1
| #define HAVE_SYS_STAT_H 1
| #define HAVE_SYS_TYPES_H 1
| #define HAVE_UNISTD_H 1
| #define STDC_HEADERS 1
| #define HAVE_DLFCN_H 1
| #define LT_OBJDIR ".libs/"
| #define HAVE_FLOAT_H 1
| #define HAVE_INTTYPES_H 1
| #define HAVE_LIMITS_H 1
| #define HAVE_STDDEF_H 1
| #define HAVE_STDLIB_H 1
| #define HAVE_STRING_H 1
| #define HAVE_ASSERT_H 1
| #define HAVE_MATH_H 1
| #define HAVE_UNISTD_H 1
| #define HAVE_SYS_TIME_H 1
| #define HAVE_SYS_TIMES_H 1
| #define HAVE_SYS_RESOURCE_H 1
| #define HAVE_SYS_WAIT_H 1
| #define HAVE_WORKING_THREAD 1
| #define HAVE__BOOL 1
| /* end confdefs.h.  */
| #include <stddef.h>
| #ifdef HAVE_STDIO_H
| # include <stdio.h>
| #endif
| #ifdef HAVE_STDLIB_H
| # include <stdlib.h>
| #endif
| #ifdef HAVE_STRING_H
| # include <string.h>
| #endif
| #ifdef HAVE_INTTYPES_H
| # include <inttypes.h>
| #endif
| #ifdef HAVE_STDINT_H
| # include <stdint.h>
| #endif
| #ifdef HAVE_STRINGS_H
| # include <strings.h>
| #endif
| #ifdef HAVE_SYS_TYPES_H
| # include <sys/types.h>
| #endif
| #ifdef HAVE_SYS_STAT_H
| # include <sys/stat.h>
| #endif
| #ifdef HAVE_UNISTD_H
| # include <unistd.h>
| #endif
| int
| main (void)
| {
| if (sizeof ((size_t)))
| 	    return 0;
|   ;
|   return 0;
| }
configure:17839: result: yes
configure:17849: checking for uint16_t
configure:17849: gcc -c -Wall -Wextra -g -O3  conftest.c >&5
configure:17849: $? = 0
configure:17849: result: yes
configure:17859: checking for uint32_t
configure:17859: gcc -c -Wall -Wextra -g -O3  conftest.c >&5
configure:17859: $? = 0
configure:17859: result: yes
configure:17871: checking for ptrdiff_t
configure:17871: gcc -c -Wall -Wextra -g -O3  conftest.c >&5
configure:17871: $? = 0
configure:17871: gcc -c -Wall -Wextra -g -O3  conftest.c >&5
conftest.c: In function 'main':
conftest.c:69:24: error: expected expression before ')' token
   69 | if (sizeof ((ptrdiff_t)))
      |                        ^
configure:17871: $? = 1
configure: failed program was:
| /* confdefs.h */
| #define PACKAGE_NAME "cudd"
| #define PACKAGE_TARNAME "cudd"
| #define PACKAGE_VERSION "3.0.0"
| #define PACKAGE_STRING "cudd 3.0.0"
| #define PACKAGE_BUGREPORT "Fabio@Colorado.EDU"
| #define PACKAGE_URL ""
| #define PACKAGE "cudd"
| #define VERSION "3.0.0"
| #define HAVE_STDIO_H 1
| #define HAVE_STDLIB_H 1
| #define HAVE_STRING_H 1
| #define HAVE_INTTYPES_H 1
| #define HAVE_STDINT_H 1
| #define HAVE_STRINGS_H 1
| #define HAVE_SYS_STAT_H 1
| #define HAVE_SYS_TYPES_H 1
| #define HAVE_UNISTD_H 1
| #define STDC_HEADERS 1
| #define HAVE_DLFCN_H 1
| #define LT_OBJDIR ".libs/"
| #define HAVE_FLOAT_H 1
| #define HAVE_INTTYPES_H 1
| #define HAVE_LIMITS_H 1
| #define HAVE_STDDEF_H 1
| #define HAVE_STDLIB_H 1
| #define HAVE_STRING_H 1
| #define HAVE_ASSERT_H 1
| #define HAVE_MATH_H 1
| #define HAVE_UNISTD_H 1
| #define HAVE_SYS_TIME_H 1
| #define HAVE_SYS_TIMES_H 1
| #define HAVE_SYS_RESOURCE_H 1
| #define HAVE_SYS_WAIT_H 1
| #define HAVE_WORKING_THREAD 1
| #define HAVE__BOOL 1
| /* end confdefs.h.  */
| #include <stddef.h>
| #ifdef HAVE_STDIO_H
| # include <stdio.h>
| #endif
| #ifdef HAVE_STDLIB_H
| # include <stdlib.h>
| #endif
| #ifdef HAVE_STRING_H
| # include <string.h>
| #endif
| #ifdef HAVE_INTTYPES_H
| # include <inttypes.h>
| #endif
| #ifdef HAVE_STDINT_H
| # include <stdint.h>
| #endif
| #ifdef HAVE_STRINGS_H
| # include <strings.h>
| #endif
| #ifdef HAVE_SYS_TYPES_H
| # include <sys/types.h>
| #endif
| #ifdef HAVE_SYS_STAT_H
| # include <sys/stat.h>
| #endif
| #ifdef HAVE_UNISTD_H
| # include <unistd.h>
| #endif
| int
| main (void)
| {
| if (sizeof ((ptrdiff_t)))
| 	    return 0;
|   ;
|   return 0;
| }
configure:17871: result: yes
configure:17884: checking size of int
configure:17890: gcc -o conftest -Wall -Wextra -g -O3   conftest.c -lm  >&5
configure:17890: $? = 0
configure:17890: ./conftest
configure:17890: $? = 0
configure:17905: result: 4
configure:17917: checking size of long
configure:17923: gcc -o conftest -Wall -Wextra -g -O3   conftest.c -lm  >&5
configure:17923: $? = 0
configure:17923: ./conftest
configure:17923: $? = 0
configure:17938: result: 8
configure:17950: checking size of void *
configure:17956: gcc -o conftest -Wall -Wextra -g -O3   conftest.c -lm  >&5
configure:17956: $? = 0
configure:17956: ./conftest
configure:17956: $? = 0
configure:17971: result: 8
configure:17983: checking size of long double
configure:17989: gcc -o conftest -Wall -Wextra -g -O3   conftest.c -lm  >&5
configure:17989: $? = 0
configure:17989: ./conftest
configure:17989: $? = 0
configure:18004: result: 16
configure:18012: checking whether we are building for a Win32 host
configure:18025: gcc -c -Wall -Wextra -g -O3  conftest.c >&5
configure:18025: $? = 0
configure:18033: result: no
configure:18048: checking whether enough of C++11 is supported
configure:18068: g++ -c -Wall -Wextra -std=c++0x -g -O3  conftest.cpp >&5
conftest.cpp: In function 'int main()':
conftest.cpp:46:9: warning: unused variable 'p' [-Wunused-variable]
   46 |   void *p = nullptr;
      |         ^
configure:18068: $? = 0
configure:18082: result: yes
configure:18096: checking for pow
configure:18096: gcc -o conftest -Wall -Wextra -g -O3   conftest.c -lm  >&5
conftest.c:60:6: warning: conflicting types for built-in function 'pow'; expected 'double(double,  double)' [-Wbuiltin-declaration-mismatch]
   60 | char pow ();
      |      ^~~
conftest.c:52:1: note: 'pow' is declared in header '<math.h>'
   51 | #include <limits.h>
   52 | #undef pow
configure:18096: $? = 0
configure:18096: result: yes
configure:18096: checking for sqrt
configure:18096: gcc -o conftest -Wall -Wextra -g -O3   conftest.c -lm  >&5
conftest.c:61:6: warning: conflicting types for built-in function 'sqrt'; expected 'double(double)' [-Wbuiltin-declaration-mismatch]
   61 | char sqrt ();
      |      ^~~~
conftest.c:53:1: note: 'sqrt' is declared in header '<math.h>'
   52 | #include <limits.h>
   53 | #undef sqrt
configure:18096: $? = 0
configure:18096: result: yes
configure:18096: checking for strchr
configure:18096: gcc -o conftest -Wall -Wextra -g -O3   conftest.c -lm  >&5
conftest.c:62:6: warning: conflicting types for built-in function 'strchr'; expected 'char *(const char *, int)' [-Wbuiltin-declaration-mismatch]
   62 | char strchr ();
      |      ^~~~~~
conftest.c:54:1: note: 'strchr' is declared in header '<string.h>'
   53 | #include <limits.h>
   54 | #undef strchr
configure:18096: $? = 0
configure:18096: result: yes
configure:18096: checking for strstr
configure:18096: gcc -o conftest -Wall -Wextra -g -O3   conftest.c -lm  >&5
conftest.c:63:6: warning: conflicting types for built-in function 'strstr'; expected 'char *(const char *, const char *)' [-Wbuiltin-declaration-mismatch]
   63 | char strstr ();
      |      ^~~~~~
conftest.c:55:1: note: 'strstr' is declared in header '<string.h>'
   54 | #include <limits.h>
   55 | #undef strstr
configure:18096: $? = 0
configure:18096: result: yes
configure:18112: checking for powl
configure:18112: gcc -o conftest -Wall -Wextra -g -O3   conftest.c -lm  >&5
conftest.c:64:6: warning: conflicting types for built-in function 'powl'; expected 'long double(long double,  long double)' [-Wbuiltin-declaration-mismatch]
   64 | char powl ();
      |      ^~~~
conftest.c:56:1: note: 'powl' is declared in header '<math.h>'
   55 | #include <limits.h>
   56 | #undef powl
configure:18112: $? = 0
configure:18112: result: yes
configure:18118: checking for gethostname
configure:18118: gcc -o conftest -Wall -Wextra -g -O3   conftest.c -lm  >&5
configure:18118: $? = 0
configure:18118: result: yes
configure:18124: checking for getrlimit
configure:18124: gcc -o conftest -Wall -Wextra -g -O3   conftest.c -lm  >&5
configure:18124: $? = 0
configure:18124: result: yes
configure:18130: checking for getrusage
configure:18130: gcc -o conftest -Wall -Wextra -g -O3   conftest.c -lm  >&5
configure:18130: $? = 0
configure:18130: result: yes
configure:18136: checking for sysconf
configure:18136: gcc -o conftest -Wall -Wextra -g -O3   conftest.c -lm  >&5
configure:18136: $? = 0
configure:18136: result: yes
configure:18146: checking for +Infinity (IEEE 754 floating point)
configure:18167: gcc -o conftest -Wall -Wextra -g -O3   conftest.c -lm  >&5
conftest.c:55:1: warning: return type defaults to 'int' [-Wimplicit-int]
   55 | main(void)
      | ^~~~
configure:18167: $? = 0
configure:18167: ./conftest
configure:18167: $? = 0
configure:18200: result: yes
configure:18329: checking that generated files are newer than configure
configure:18335: result: done
configure:18391: creating ./config.status

## ---------------- ##
## Cache variables. ##
## ---------------- ##

ac_cv_build=x86_64-unknown-linux-gnu
ac_cv_c_bigendian=no
ac_cv_c_compiler_gnu=yes
ac_cv_c_inline=inline
ac_cv_c_uint16_t=yes
ac_cv_c_uint32_t=yes
ac_cv_cxx_compiler_gnu=yes
ac_cv_env_CCC_set=
ac_cv_env_CCC_value=
ac_cv_env_CC_set=
ac_cv_env_CC_value=
ac_cv_env_CFLAGS_set=
ac_cv_env_CFLAGS_value=
ac_cv_env_CPPFLAGS_set=
ac_cv_env_CPPFLAGS_value=
ac_cv_env_CXXCPP_set=
ac_cv_env_CXXCPP_value=
ac_cv_env_CXXFLAGS_set=
ac_cv_env_CXXFLAGS_value=
ac_cv_env_CXX_set=
ac_cv_env_CXX_value=
ac_cv_env_LDFLAGS_set=
ac_cv_env_LDFLAGS_value=
ac_cv_env_LIBS_set=
ac_cv_env_LIBS_value=
ac_cv_env_build_alias_set=
ac_cv_env_build_alias_value=
ac_cv_env_host_alias_set=
ac_cv_env_host_alias_value=
ac_cv_env_target_alias_set=
ac_cv_env_target_alias_value=
ac_cv_func_gethostname=yes
ac_cv_func_getrlimit=yes
ac_cv_func_getrusage=yes
ac_cv_func_pow=yes
ac_cv_func_powl=yes
ac_cv_func_sqrt=yes
ac_cv_func_strchr=yes
ac_cv_func_strstr=yes
ac_cv_func_sysconf=yes
ac_cv_have_ieee_754=yes
ac_cv_have_modern_cxx=yes
ac_cv_header_assert_h=yes
ac_cv_header_dlfcn_h=yes
ac_cv_header_float_h=yes
ac_cv_header_inttypes_h=yes
ac_cv_header_limits_h=yes
ac_cv_header_math_h=yes
ac_cv_header_stdbool_h=yes
ac_cv_header_stddef_h=yes
ac_cv_header_stdint_h=yes
ac_cv_header_stdio_h=yes
ac_cv_header_stdlib_h=yes
ac_cv_header_string_h=yes
ac_cv_header_strings_h=yes
ac_cv_header_sys_resource_h=yes
ac_cv_header_sys_stat_h=yes
ac_cv_header_sys_time_h=yes
ac_cv_header_sys_times_h=yes
ac_cv_header_sys_types_h=yes
ac_cv_header_sys_wait_h=yes
ac_cv_header_unistd_h=yes
ac_cv_host=x86_64-unknown-linux-gnu
ac_cv_lib_pthread_pthread_create=yes
ac_cv_objext=o
ac_cv_path_EGREP='/usr/bin/grep -E'
ac_cv_path_FGREP='/usr/bin/grep -F'
ac_cv_path_GREP=/usr/bin/grep
ac_cv_path_SED=/usr/bin/sed
ac_cv_path_install='/usr/bin/install -c'
ac_cv_path_mkdir=/usr/bin/mkdir
ac_cv_prog_AWK=mawk
ac_cv_prog_CXXCPP='g++ -E'
ac_cv_prog_ac_ct_AR=ar
ac_cv_prog_ac_ct_CC=gcc
ac_cv_prog_ac_ct_CXX=g++
ac_cv_prog_ac_ct_MANIFEST_TOOL=mt
ac_cv_prog_ac_ct_OBJDUMP=objdump
ac_cv_prog_ac_ct_RANLIB=ranlib
ac_cv_prog_ac_ct_STRIP=strip
ac_cv_prog_cc_c11=
ac_cv_prog_cc_g=yes
ac_cv_prog_cc_stdc=
ac_cv_prog_cxx_11=no
ac_cv_prog_cxx_cxx11=
ac_cv_prog_cxx_g=yes
ac_cv_prog_cxx_stdcxx=
ac_cv_prog_make_make_set=yes
ac_cv_search_GetProcessMemoryInfo=no
ac_cv_search_WSAStartup=no
ac_cv_search_pow=-lm
ac_cv_sizeof_int=4
ac_cv_sizeof_long=8
ac_cv_sizeof_long_double=16
ac_cv_sizeof_void_p=8
ac_cv_type__Bool=yes
ac_cv_type_ptrdiff_t=yes
ac_cv_type_size_t=yes
am_cv_CC_dependencies_compiler_type=gcc3
am_cv_CXX_dependencies_compiler_type=gcc3
am_cv_ar_interface=ar
am_cv_make_support_nested_variables=yes
am_cv_prog_cc_c_o=yes
lt_cv_ar_at_file=@
lt_cv_deplibs_check_method=pass_all
lt_cv_file_magic_cmd='$MAGIC_CMD'
lt_cv_file_magic_test_file=
lt_cv_ld_reload_flag=-r
lt_cv_nm_interface='BSD nm'
lt_cv_objdir=.libs
lt_cv_path_LD=/usr/bin/ld
lt_cv_path_LDCXX='/usr/bin/ld -m elf_x86_64'
lt_cv_path_NM='/usr/bin/nm -B'
lt_cv_path_mainfest_tool=no
lt_cv_prog_compiler_c_o=yes
lt_cv_prog_compiler_c_o_CXX=yes
lt_cv_prog_compiler_pic='-fPIC -DPIC'
lt_cv_prog_compiler_pic_CXX='-fPIC -DPIC'
lt_cv_prog_compiler_pic_works=yes
lt_cv_prog_compiler_pic_works_CXX=yes
lt_cv_prog_compiler_rtti_exceptions=no
lt_cv_prog_compiler_static_works=yes
lt_cv_prog_compiler_static_works_CXX=yes
lt_cv_prog_gnu_ld=yes
lt_cv_prog_gnu_ldcxx=yes
lt_cv_sharedlib_from_linklib_cmd='printf %s\n'
lt_cv_shlibpath_overrides_runpath=yes
lt_cv_sys_global_symbol_pipe='sed -n -e '\''s/^.*[	 ]\([ABCDGIRSTW][ABCDGIRSTW]*\)[	 ][	 ]*\([_A-Za-z][_A-Za-z0-9]*\)$/\1 \2 \2/p'\'' | sed '\''/ __gnu_lto/d'\'''
lt_cv_sys_global_symbol_to_c_name_address='sed -n -e '\''s/^: \([^ ]*\)[ ]*$/  {\"\1\", (void *) 0},/p'\'' -e '\''s/^[ABCDGIRSTW]* \([^ ]*\) \([^ ]*\)$/  {"\2", (void *) \&\2},/p'\'''
lt_cv_sys_global_symbol_to_c_name_address_lib_prefix='sed -n -e '\''s/^: \([^ ]*\)[ ]*$/  {\"\1\", (void *) 0},/p'\'' -e '\''s/^[ABCDGIRSTW]* \([^ ]*\) \(lib[^ ]*\)$/  {"\2", (void *) \&\2},/p'\'' -e '\''s/^[ABCDGIRSTW]* \([^ ]*\) \([^ ]*\)$/  {"lib\2", (void *) \&\2},/p'\'''
lt_cv_sys_global_symbol_to_cdecl='sed -n -e '\''s/^T .* \(.*\)$/extern int \1();/p'\'' -e '\''s/^[ABCDGIRSTW]* .* \(.*\)$/extern char \1;/p'\'''
lt_cv_sys_max_cmd_len=1572864
lt_cv_to_host_file_cmd=func_convert_file_noop
lt_cv_to_tool_file_cmd=func_convert_file_noop
mingw_cv_win32_host=no

## ----------------- ##
## Output variables. ##
## ----------------- ##

ACLOCAL='${SHELL} /home/mok/work_space/BDDSampler/lib/cudd-3.0.0/build-aux/missing aclocal-1.14'
AMDEPBACKSLASH='\'
AMDEP_FALSE='#'
AMDEP_TRUE=''
AMTAR='$${TAR-tar}'
AM_BACKSLASH='\'
AM_DEFAULT_V='$(AM_DEFAULT_VERBOSITY)'
AM_DEFAULT_VERBOSITY='0'
AM_V='$(V)'
AR='ar'
AS='as'
AUTOCONF='${SHELL} /home/mok/work_space/BDDSampler/lib/cudd-3.0.0/build-aux/missing autoconf'
AUTOHEADER='${SHELL} /home/mok/work_space/BDDSampler/lib/cudd-3.0.0/build-aux/missing autoheader'
AUTOMAKE='${SHELL} /home/mok/work_space/BDDSampler/lib/cudd-3.0.0/build-aux/missing automake-1.14'
AWK='mawk'
CC='gcc'
CCDEPMODE='depmode=gcc3'
CFLAGS='-Wall -Wextra -g -O3'
CPPFLAGS=''
CROSS_COMPILING_FALSE=''
CROSS_COMPILING_TRUE='#'
CXX='g++'
CXXCPP='g++ -E'
CXXDEPMODE='depmode=gcc3'
CXXFLAGS='-Wall -Wextra -std=c++0x -g -O3'
CYGPATH_W='echo'
DDDMP_FALSE=''
DDDMP_TRUE='#'
DEFS='-DHAVE_CONFIG_H'
DEPDIR='.deps'
DLLTOOL='false'
DOXYGEN=''
DSYMUTIL=''
DUMPBIN=''
ECHO_C=''
ECHO_N='-n'
ECHO_T=''
EGREP='/usr/bin/grep -E'
EXEEXT=''
FGREP='/usr/bin/grep -F'
GREP='/usr/bin/grep'
HAVE_DOXYGEN_FALSE=''
HAVE_DOXYGEN_TRUE='#'
HAVE_PDFLATEX_FALSE=''
HAVE_PDFLATEX_TRUE='#'
HAVE_PTHREADS_FALSE='#'
HAVE_PTHREADS_TRUE=''
INSTALL_DATA='${INSTALL} -m 644'
INSTALL_PROGRAM='${INSTALL}'
INSTALL_SCRIPT='${INSTALL}'
INSTALL_STRIP_PROGRAM='$(install_sh) -c -s'
LD='/usr/bin/ld -m elf_x86_64'
LDFLAGS=''
LIBOBJS=''
LIBS='-lm '
LIBTOOL='$(SHELL) $(top_builddir)/libtool'
LIPO=''
LN_S='ln -s'
LTLIBOBJS=''
MAKEINDEX=''
MAKEINFO='${SHELL} /home/mok/work_space/BDDSampler/lib/cudd-3.0.0/build-aux/missing makeinfo'
MANIFEST_TOOL=':'
MINGW64_FALSE=''
MINGW64_TRUE='#'
MKDIR_P='/usr/bin/mkdir -p'
NM='/usr/bin/nm -B'
NMEDIT=''
OBJDUMP='objdump'
OBJEXT='o'
OBJ_FALSE='#'
OBJ_TRUE=''
OTOOL64=''
OTOOL=''
PACKAGE='cudd'
PACKAGE_BUGREPORT='Fabio@Colorado.EDU'
PACKAGE_NAME='cudd'
PACKAGE_STRING='cudd 3.0.0'
PACKAGE_TARNAME='cudd'
PACKAGE_URL=''
PACKAGE_VERSION='3.0.0'
PATH_SEPARATOR=':'
PDFLATEX=''
RANLIB='ranlib'
SED='/usr/bin/sed'
SET_MAKE=''
SHELL='/bin/bash'
STRIP='strip'
VERSION='3.0.0'
ac_ct_AR='ar'
ac_ct_CC='gcc'
ac_ct_CXX='g++'
ac_ct_DUMPBIN=''
am__EXEEXT_FALSE=''
am__EXEEXT_TRUE='#'
am__fastdepCC_FALSE='#'
am__fastdepCC_TRUE=''
am__fastdepCXX_FALSE='#'
am__fastdepCXX_TRUE=''
am__include='include'
am__isrc=''
am__leading_dot='.'
am__nodep='_no'
am__quote=''
am__tar='$${TAR-tar} chof - "$$tardir"'
am__untar='$${TAR-tar} xf -'
bindir='${exec_prefix}/bin'
build='x86_64-unknown-linux-gnu'
build_alias=''
build_cpu='x86_64'
build_os='linux-gnu'
build_vendor='unknown'
datadir='${datarootdir}'
datarootdir='${prefix}/share'
docdir='${datarootdir}/doc/${PACKAGE_TARNAME}'
dvidir='${docdir}'
exec_prefix='${prefix}'
host='x86_64-unknown-linux-gnu'
host_alias=''
host_cpu='x86_64'
host_os='linux-gnu'
host_vendor='unknown'
htmldir='${docdir}'
includedir='${prefix}/include'
infodir='${datarootdir}/info'
install_sh='${SHELL} /home/mok/work_space/BDDSampler/lib/cudd-3.0.0/build-aux/install-sh'
libdir='${exec_prefix}/lib'
libexecdir='${exec_prefix}/libexec'
localedir='${datarootdir}/locale'
localstatedir='${prefix}/var'
mandir='${datarootdir}/man'
mkdir_p='$(MKDIR_P)'
oldincludedir='/usr/include'
pdfdir='${docdir}'
prefix='/usr/local'
program_transform_name='s,x,x,'
psdir='${docdir}'
runstatedir='${localstatedir}/run'
sbindir='${exec_prefix}/sbin'
sharedstatedir='${prefix}/com'
sysconfdir='${prefix}/etc'
target_alias=''

## ----------- ##
## confdefs.h. ##
## ----------- ##

/* confdefs.h */
#define PACKAGE_NAME "cudd"
#define PACKAGE_TARNAME "cudd"
#define PACKAGE_VERSION "3.0.0"
#define PACKAGE_STRING "cudd 3.0.0"
#define PACKAGE_BUGREPORT "Fabio@Colorado.EDU"
#define PACKAGE_URL ""
#define PACKAGE "cudd"
#define VERSION "3.0.0"
#define HAVE_STDIO_H 1
#define HAVE_STDLIB_H 1
#define HAVE_STRING_H 1
#define HAVE_INTTYPES_H 1
#define HAVE_STDINT_H 1
#define HAVE_STRINGS_H 1
#define HAVE_SYS_STAT_H 1
#define HAVE_SYS_TYPES_H 1
#define HAVE_UNISTD_H 1
#define STDC_HEADERS 1
#define HAVE_DLFCN_H 1
#define LT_OBJDIR ".libs/"
#define HAVE_FLOAT_H 1
#define HAVE_INTTYPES_H 1
#define HAVE_LIMITS_H 1
#define HAVE_STDDEF_H 1
#define HAVE_STDLIB_H 1
#define HAVE_STRING_H 1
#define HAVE_ASSERT_H 1
#define HAVE_MATH_H 1
#define HAVE_UNISTD_H 1
#define HAVE_SYS_TIME_H 1
#define HAVE_SYS_TIMES_H 1
#define HAVE_SYS_RESOURCE_H 1
#define HAVE_SYS_WAIT_H 1
#define HAVE_WORKING_THREAD 1
#define HAVE__BOOL 1
#define HAVE_PTRDIFF_T 1
#define SIZEOF_INT 4
#define SIZEOF_LONG 8
#define SIZEOF_VOID_P 8
#define SIZEOF_LONG_DOUBLE 16
#define HAVE_MODERN_CXX 1
#define HAVE_POW 1
#define HAVE_SQRT 1
#define HAVE_STRCHR 1
#define HAVE_STRSTR 1
#define HAVE_POWL 1
#define HAVE_GETHOSTNAME 1
#define HAVE_GETRLIMIT 1
#define HAVE_GETRUSAGE 1
#define HAVE_SYSCONF 1
#define HAVE_IEEE_754 1

configure: exit 0

## ---------------------- ##
## Running config.status. ##
## ---------------------- ##

This file was extended by cudd config.status 3.0.0, which was
generated by GNU Autoconf 2.71.  Invocation command line was

  CONFIG_FILES    = 
  CONFIG_HEADERS  = 
  CONFIG_LINKS    = 
  CONFIG_COMMANDS = 
  $ ./config.status 

on GeekPro

config.status:1195: creating Makefile
config.status:1195: creating dddmp/exp/test1.sh
config.status:1195: creating dddmp/exp/test2.sh
config.status:1195: creating dddmp/exp/test3.sh
config.status:1195: creating dddmp/exp/test4.sh
config.status:1195: creating dddmp/exp/test5.sh
config.status:1195: creating dddmp/exp/test6.sh
config.status:1195: creating dddmp/exp/test7.sh
config.status:1195: creating config.h
config.status:1424: executing depfiles commands
config.status:1424: executing libtool commands

## ---------------------- ##
## Running config.status. ##
## ---------------------- ##

This file was extended by cudd config.status 3.0.0, which was
generated by GNU Autoconf 2.71.  Invocation command line was

  CONFIG_FILES    = 
  CONFIG_HEADERS  = 
  CONFIG_LINKS    = 
  CONFIG_COMMANDS = 
  $ ./config.status config.h

on GeekPro

config.status:1195: creating config.h
